----------------------------------------------------------------------------------------------------------------------------------
      name:  <unnamed>
       log:  C:\Users\hp\Desktop\Econometrics-End-Term-Project\Question_2\Q2(1).log
  log type:  text
 opened on:  30 Nov 2020, 13:38:02

. use "C:\Users\hp\Desktop\Econometrics-End-Term-Project\Question_2\EAWE22.dta", clear

. reg S ASVABC SM SF MALE

      Source |       SS       df       MS              Number of obs =     500
-------------+------------------------------           F(  4,   495) =   68.81
       Model |  1366.22524     4   341.55631           Prob > F      =  0.0000
    Residual |  2457.20676   495  4.96405406           R-squared     =  0.3573
-------------+------------------------------           Adj R-squared =  0.3521
       Total |    3823.432   499  7.66218838           Root MSE      =   2.228

------------------------------------------------------------------------------
           S |      Coef.   Std. Err.      t    P>|t|     [95% Conf. Interval]
-------------+----------------------------------------------------------------
      ASVABC |    1.20327   .1134408    10.61   0.000     .9803849    1.426155
          SM |   .1745339   .0475472     3.67   0.000     .0811146    .2679532
          SF |   .1121408   .0412465     2.72   0.007      .031101    .1931807
        MALE |  -.8637231   .2016953    -4.28   0.000    -1.260007   -.4674387
       _cons |   10.90114   .5946959    18.33   0.000       9.7327    12.06958
------------------------------------------------------------------------------

. exit, clear
